<?xml version="1.0" encoding="UTF-8"?>
<!-- Generated by org.testng.reporters.JUnitReportReporter -->
<testsuite hostname="Win10-2-212" failures="0" tests="1" name="restassuredtestcases.GetRequestSingleResourceNotFound" time="0.998" errors="0" timestamp="2022-01-21T14:17:03 IST" skipped="0">
  <testcase classname="restassuredtestcases.GetRequestSingleResourceNotFound" name="UserNotFound" time="0.998"/>
  <system-out/>
</testsuite> <!-- restassuredtestcases.GetRequestSingleResourceNotFound -->
