<?xml version="1.0" encoding="UTF-8"?>
<!-- Generated by org.testng.reporters.JUnitReportReporter -->
<testsuite hostname="Win10-2-212" failures="0" tests="2" name="restassuredtestcases.GetRequest" time="1.999" errors="0" timestamp="2022-01-21T14:17:03 IST" skipped="0">
  <testcase classname="restassuredtestcases.GetRequest" name="testGestUserList" time="0.977"/>
  <system-out/>
  <testcase classname="restassuredtestcases.GetRequest" name="testSingleUser" time="1.022"/>
  <system-out/>
</testsuite> <!-- restassuredtestcases.GetRequest -->
