<?xml version="1.0" encoding="UTF-8"?>
<!-- Generated by org.testng.reporters.JUnitReportReporter -->
<testsuite hostname="Win10-2-212" failures="0" tests="2" name="restassuredtestcases.GetRequestCucumberStyle" time="2.404" errors="0" timestamp="2022-01-21T14:17:03 IST" skipped="1">
  <testcase classname="restassuredtestcases.GetRequestCucumberStyle" name="testvalidateGetUserListData" time="2.404"/>
  <system-out/>
  <testcase classname="restassuredtestcases.GetRequestCucumberStyle" name="getTestUserList">
    <skipped/>
  </testcase> <!-- getTestUserList -->
  <system-out/>
</testsuite> <!-- restassuredtestcases.GetRequestCucumberStyle -->
