<?xml version="1.0" encoding="UTF-8"?>
<!-- Generated by org.testng.reporters.JUnitReportReporter -->
<testsuite hostname="Win10-2-212" failures="0" tests="1" name="restassuredtestcases.PostRequestLoginUnsuccesfull" time="4.410" errors="0" timestamp="2022-01-21T14:46:11 IST" skipped="0">
  <testcase classname="restassuredtestcases.PostRequestLoginUnsuccesfull" name="testLoginUnsuccefull" time="4.410"/>
  <system-out/>
</testsuite> <!-- restassuredtestcases.PostRequestLoginUnsuccesfull -->
